#
# There is insufficient memory for the Java Runtime Environment to continue.
# Native memory allocation (mmap) failed to map 125829120 bytes for G1 virtual space
# Possible reasons:
#   The system is out of physical RAM or swap space
#   The process is running with CompressedOops enabled, and the Java Heap may be blocking the growth of the native heap
# Possible solutions:
#   Reduce memory load on the system
#   Increase physical memory or swap space
#   Check if swap backing store is full
#   Decrease Java heap size (-Xmx/-Xms)
#   Decrease number of Java threads
#   Decrease Java thread stack sizes (-Xss)
#   Set larger code cache with -XX:ReservedCodeCacheSize=
#   JVM is running with Unscaled Compressed Oops mode in which the Java heap is
#     placed in the first 4GB address space. The Java Heap base address is the
#     maximum limit for the native heap growth. Please use -XX:HeapBaseMinAddress
#     to set the Java Heap base and to place the Java Heap above 4GB virtual address.
# This output file may be truncated or incomplete.
#
#  Out of Memory Error (os_windows.cpp:3617), pid=34184, tid=11064
#
# JRE version:  (17.0.8.1+1) (build )
# Java VM: OpenJDK 64-Bit Server VM (17.0.8.1+1, mixed mode, emulated-client, sharing, tiered, compressed oops, compressed class ptrs, g1 gc, windows-amd64)
# No core dump will be written. Minidumps are not enabled by default on client versions of Windows
#

---------------  S U M M A R Y ------------

Command Line: -Dcom.sun.management.jmxremote -Dcom.sun.management.jmxremote.port=55206 -Dcom.sun.management.jmxremote.authenticate=false -Dcom.sun.management.jmxremote.ssl=false -Djava.rmi.server.hostname=localhost -Dspring.jmx.enabled=true -Dmanagement.endpoints.jmx.exposure.include=* -Dspring.application.admin.enabled=true -XX:TieredStopAtLevel=1 -Dspring.boot.project.name=quiz-service -Dfile.encoding=UTF-8 -Dstdout.encoding=UTF-8 -Dstderr.encoding=UTF-8 -XX:+ShowCodeDetailsInExceptionMessages com.telusko.QuizServiceApplication --spring.output.ansi.enabled=always

Host: AMD Ryzen 7 4800H with Radeon Graphics         , 16 cores, 7G,  Windows 11 , 64 bit Build 22621 (10.0.22621.3958)
Time: Fri Oct 11 11:11:51 2024 India Standard Time elapsed time: 0.027198 seconds (0d 0h 0m 0s)

---------------  T H R E A D  ---------------

Current thread (0x000001577fa159c0):  JavaThread "Unknown thread" [_thread_in_vm, id=11064, stack(0x000000571dd00000,0x000000571de00000)]

Stack: [0x000000571dd00000,0x000000571de00000]
Native frames: (J=compiled Java code, j=interpreted, Vv=VM code, C=native code)
V  [jvm.dll+0x678b0a]
V  [jvm.dll+0x835e84]
V  [jvm.dll+0x83762e]
V  [jvm.dll+0x837c93]
V  [jvm.dll+0x24746f]
V  [jvm.dll+0x675859]
V  [jvm.dll+0x66a0ea]
V  [jvm.dll+0x306c7b]
V  [jvm.dll+0x30e166]
V  [jvm.dll+0x35dd3e]
V  [jvm.dll+0x35df6f]
V  [jvm.dll+0x2ddb48]
V  [jvm.dll+0x2deab4]
V  [jvm.dll+0x807f31]
V  [jvm.dll+0x36bb21]
V  [jvm.dll+0x7e733c]
V  [jvm.dll+0x3ee4af]
V  [jvm.dll+0x3f00c1]
C  [jli.dll+0x528b]
C  [ucrtbase.dll+0x29333]
C  [KERNEL32.DLL+0x1257d]
C  [ntdll.dll+0x5af28]


---------------  P R O C E S S  ---------------

Threads class SMR info:
_java_thread_list=0x00007ffa6381a018, length=0, elements={
}

Java Threads: ( => current thread )

Other Threads:
  0x000001577fa6f4a0 GCTaskThread "GC Thread#0" [stack: 0x000000571de00000,0x000000571df00000] [id=21628]
  0x000001577fa7f910 ConcurrentGCThread "G1 Main Marker" [stack: 0x000000571df00000,0x000000571e000000] [id=7020]
  0x000001577fa80320 ConcurrentGCThread "G1 Conc#0" [stack: 0x000000571e000000,0x000000571e100000] [id=31588]

[error occurred during error reporting (printing all threads), id 0xc0000005, EXCEPTION_ACCESS_VIOLATION (0xc0000005) at pc=0x00007ffa62fee587]

VM state: not at safepoint (not fully initialized)

VM Mutex/Monitor currently owned by a thread:  ([mutex/lock_event])
[0x000001577fa105d0] Heap_lock - owner thread: 0x000001577fa159c0

Heap address: 0x0000000089400000, size: 1900 MB, Compressed Oops mode: 32-bit

CDS archive(s) mapped at: [0x0000000000000000-0x0000000000000000-0x0000000000000000), size 0, SharedBaseAddress: 0x0000000800000000, ArchiveRelocationMode: 1.
Narrow klass base: 0x0000000000000000, Narrow klass shift: 0, Narrow klass range: 0x0

GC Precious Log:
<Empty>

Heap:
 garbage-first heap   total 0K, used 0K [0x0000000089400000, 0x0000000100000000)
  region size 1024K, 0 young (0K), 0 survivors (0K)

[error occurred during error reporting (printing heap information), id 0xc0000005, EXCEPTION_ACCESS_VIOLATION (0xc0000005) at pc=0x00007ffa633d2699]

GC Heap History (0 events):
No events

Dll operation events (1 events):
Event: 0.015 Loaded shared library C:\Users\ASUS1\Downloads\sts-4.20.1.RELEASE\plugins\org.eclipse.justj.openjdk.hotspot.jre.full.win32.x86_64_17.0.8.v20230831-1047\jre\bin\java.dll

Deoptimization events (0 events):
No events

Classes unloaded (0 events):
No events

Classes redefined (0 events):
No events

Internal exceptions (0 events):
No events

VM Operations (0 events):
No events

Events (0 events):
No events


Dynamic libraries:
0x00007ff619cb0000 - 0x00007ff619cbe000 	C:\Users\ASUS1\Downloads\sts-4.20.1.RELEASE\plugins\org.eclipse.justj.openjdk.hotspot.jre.full.win32.x86_64_17.0.8.v20230831-1047\jre\bin\javaw.exe
0x00007ffad7170000 - 0x00007ffad7387000 	C:\Windows\SYSTEM32\ntdll.dll
0x00007ffad52b0000 - 0x00007ffad5374000 	C:\Windows\System32\KERNEL32.DLL
0x00007ffad47f0000 - 0x00007ffad4b9d000 	C:\Windows\System32\KERNELBASE.dll
0x00007ffad46d0000 - 0x00007ffad47e1000 	C:\Windows\System32\ucrtbase.dll
0x00007ffabd1e0000 - 0x00007ffabd1f7000 	C:\Users\ASUS1\Downloads\sts-4.20.1.RELEASE\plugins\org.eclipse.justj.openjdk.hotspot.jre.full.win32.x86_64_17.0.8.v20230831-1047\jre\bin\jli.dll
0x00007ffacd900000 - 0x00007ffacd919000 	C:\Users\ASUS1\Downloads\sts-4.20.1.RELEASE\plugins\org.eclipse.justj.openjdk.hotspot.jre.full.win32.x86_64_17.0.8.v20230831-1047\jre\bin\VCRUNTIME140.dll
0x00007ffad5530000 - 0x00007ffad56de000 	C:\Windows\System32\USER32.dll
0x00007ffad4ba0000 - 0x00007ffad4bc6000 	C:\Windows\System32\win32u.dll
0x00007ffac1b80000 - 0x00007ffac1e13000 	C:\Windows\WinSxS\amd64_microsoft.windows.common-controls_6595b64144ccf1df_6.0.22621.3672_none_2713b9d173822955\COMCTL32.dll
0x00007ffad6b60000 - 0x00007ffad6b89000 	C:\Windows\System32\GDI32.dll
0x00007ffad5080000 - 0x00007ffad5127000 	C:\Windows\System32\msvcrt.dll
0x00007ffad4c50000 - 0x00007ffad4d69000 	C:\Windows\System32\gdi32full.dll
0x00007ffad44c0000 - 0x00007ffad455a000 	C:\Windows\System32\msvcp_win.dll
0x00007ffad56e0000 - 0x00007ffad5711000 	C:\Windows\System32\IMM32.DLL
0x00007ffad0610000 - 0x00007ffad061c000 	C:\Users\ASUS1\Downloads\sts-4.20.1.RELEASE\plugins\org.eclipse.justj.openjdk.hotspot.jre.full.win32.x86_64_17.0.8.v20230831-1047\jre\bin\vcruntime140_1.dll
0x00007ffab20c0000 - 0x00007ffab2151000 	C:\Users\ASUS1\Downloads\sts-4.20.1.RELEASE\plugins\org.eclipse.justj.openjdk.hotspot.jre.full.win32.x86_64_17.0.8.v20230831-1047\jre\bin\msvcp140.dll
0x00007ffa62d00000 - 0x00007ffa6394c000 	C:\Users\ASUS1\Downloads\sts-4.20.1.RELEASE\plugins\org.eclipse.justj.openjdk.hotspot.jre.full.win32.x86_64_17.0.8.v20230831-1047\jre\bin\server\jvm.dll
0x00007ffad6ca0000 - 0x00007ffad6d52000 	C:\Windows\System32\ADVAPI32.dll
0x00007ffad67f0000 - 0x00007ffad6899000 	C:\Windows\System32\sechost.dll
0x00007ffad4490000 - 0x00007ffad44b8000 	C:\Windows\System32\bcrypt.dll
0x00007ffad68a0000 - 0x00007ffad69b4000 	C:\Windows\System32\RPCRT4.dll
0x00007ffab5080000 - 0x00007ffab5089000 	C:\Windows\SYSTEM32\WSOCK32.dll
0x00007ffad4100000 - 0x00007ffad414d000 	C:\Windows\SYSTEM32\POWRPROF.dll
0x00007ffad6710000 - 0x00007ffad6781000 	C:\Windows\System32\WS2_32.dll
0x00007ffacd840000 - 0x00007ffacd874000 	C:\Windows\SYSTEM32\WINMM.dll
0x00007ffacb310000 - 0x00007ffacb31a000 	C:\Windows\SYSTEM32\VERSION.dll
0x00007ffad3f40000 - 0x00007ffad3f53000 	C:\Windows\SYSTEM32\UMPDC.dll
0x00007ffad34c0000 - 0x00007ffad34d8000 	C:\Windows\SYSTEM32\kernel.appcore.dll
0x00007ffaccdb0000 - 0x00007ffaccdba000 	C:\Users\ASUS1\Downloads\sts-4.20.1.RELEASE\plugins\org.eclipse.justj.openjdk.hotspot.jre.full.win32.x86_64_17.0.8.v20230831-1047\jre\bin\jimage.dll
0x00007ffad1640000 - 0x00007ffad1872000 	C:\Windows\SYSTEM32\DBGHELP.DLL
0x00007ffad6d70000 - 0x00007ffad70fe000 	C:\Windows\System32\combase.dll
0x00007ffad6a80000 - 0x00007ffad6b57000 	C:\Windows\System32\OLEAUT32.dll
0x00007ffac9cb0000 - 0x00007ffac9ce2000 	C:\Windows\SYSTEM32\dbgcore.DLL
0x00007ffad4bd0000 - 0x00007ffad4c4b000 	C:\Windows\System32\bcryptPrimitives.dll
0x00007ffabb2b0000 - 0x00007ffabb2d5000 	C:\Users\ASUS1\Downloads\sts-4.20.1.RELEASE\plugins\org.eclipse.justj.openjdk.hotspot.jre.full.win32.x86_64_17.0.8.v20230831-1047\jre\bin\java.dll

dbghelp: loaded successfully - version: 4.0.5 - missing functions: none
symbol engine: initialized successfully - sym options: 0x614 - pdb path: .;C:\Users\ASUS1\Downloads\sts-4.20.1.RELEASE\plugins\org.eclipse.justj.openjdk.hotspot.jre.full.win32.x86_64_17.0.8.v20230831-1047\jre\bin;C:\Windows\SYSTEM32;C:\Windows\WinSxS\amd64_microsoft.windows.common-controls_6595b64144ccf1df_6.0.22621.3672_none_2713b9d173822955;C:\Users\ASUS1\Downloads\sts-4.20.1.RELEASE\plugins\org.eclipse.justj.openjdk.hotspot.jre.full.win32.x86_64_17.0.8.v20230831-1047\jre\bin\server

VM Arguments:
jvm_args: -Dcom.sun.management.jmxremote -Dcom.sun.management.jmxremote.port=55206 -Dcom.sun.management.jmxremote.authenticate=false -Dcom.sun.management.jmxremote.ssl=false -Djava.rmi.server.hostname=localhost -Dspring.jmx.enabled=true -Dmanagement.endpoints.jmx.exposure.include=* -Dspring.application.admin.enabled=true -XX:TieredStopAtLevel=1 -Dspring.boot.project.name=quiz-service -Dfile.encoding=UTF-8 -Dstdout.encoding=UTF-8 -Dstderr.encoding=UTF-8 -XX:+ShowCodeDetailsInExceptionMessages 
java_command: com.telusko.QuizServiceApplication --spring.output.ansi.enabled=always
java_class_path (initial): D:\Blog-application\Blog-project\quiz-service\target\classes;C:\Users\ASUS1\.m2\repository\org\springframework\boot\spring-boot-starter-data-jpa\3.2.10\spring-boot-starter-data-jpa-3.2.10.jar;C:\Users\ASUS1\.m2\repository\org\springframework\boot\spring-boot-starter-aop\3.2.10\spring-boot-starter-aop-3.2.10.jar;C:\Users\ASUS1\.m2\repository\org\springframework\spring-aop\6.1.13\spring-aop-6.1.13.jar;C:\Users\ASUS1\.m2\repository\org\aspectj\aspectjweaver\1.9.22.1\aspectjweaver-1.9.22.1.jar;C:\Users\ASUS1\.m2\repository\org\springframework\boot\spring-boot-starter-jdbc\3.2.10\spring-boot-starter-jdbc-3.2.10.jar;C:\Users\ASUS1\.m2\repository\com\zaxxer\HikariCP\5.0.1\HikariCP-5.0.1.jar;C:\Users\ASUS1\.m2\repository\org\springframework\spring-jdbc\6.1.13\spring-jdbc-6.1.13.jar;C:\Users\ASUS1\.m2\repository\org\hibernate\orm\hibernate-core\6.4.10.Final\hibernate-core-6.4.10.Final.jar;C:\Users\ASUS1\.m2\repository\jakarta\persistence\jakarta.persistence-api\3.1.0\jakarta.persistence-api-3.1.0.jar;C:\Users\ASUS1\.m2\repository\jakarta\transaction\jakarta.transaction-api\2.0.1\jakarta.transaction-api-2.0.1.jar;C:\Users\ASUS1\.m2\repository\org\jboss\logging\jboss-logging\3.5.3.Final\jboss-logging-3.5.3.Final.jar;C:\Users\ASUS1\.m2\repository\org\hibernate\common\hibernate-commons-annotations\6.0.6.Final\hibernate-commons-annotations-6.0.6.Final.jar;C:\Users\ASUS1\.m2\repository\io\smallrye\jandex\3.1.2\jandex-3.1.2.jar;C:\Users\ASUS1\.m2\repository\com\fasterxml\classmate\1.6.0\classmate-1.6.0.jar;C:\Users\ASUS1\.m2\repository\net\bytebuddy\byte-buddy\1.14.19\byte-buddy-1.14.19.jar;C:\Users\ASUS1\.m2\repository\org\glassfish\jaxb\jaxb-runtime\4.0.5\jaxb-runtime-4.0.5.jar;C:\Users\ASUS1\.m2\repository\org\glassfish\jaxb\jaxb-core\4.0.5\jaxb-core-4.0.5.jar;C:\Users\ASUS1\.m2\repository\org\eclipse\angus\angus-activation\2.0.2\angus-activation-2.0.2.jar;C:\Users\ASUS1\.m2\repository\org\glassfish\jaxb\txw2\4.0.5\txw2-4.0.5.jar;C:\Users\ASUS1\.m2\r
Launcher Type: SUN_STANDARD

[Global flags]
     intx CICompilerCount                          = 12                                        {product} {ergonomic}
     uint ConcGCThreads                            = 3                                         {product} {ergonomic}
     uint G1ConcRefinementThreads                  = 13                                        {product} {ergonomic}
   size_t G1HeapRegionSize                         = 1048576                                   {product} {ergonomic}
    uintx GCDrainStackTargetSize                   = 64                                        {product} {ergonomic}
   size_t InitialHeapSize                          = 125829120                                 {product} {ergonomic}
     bool ManagementServer                         = true                                      {product} {command line}
   size_t MarkStackSize                            = 4194304                                   {product} {ergonomic}
   size_t MaxHeapSize                              = 1992294400                                {product} {ergonomic}
   size_t MinHeapDeltaBytes                        = 1048576                                   {product} {ergonomic}
   size_t MinHeapSize                              = 8388608                                   {product} {ergonomic}
    uintx NonProfiledCodeHeapSize                  = 0                                      {pd product} {ergonomic}
     bool ProfileInterpreter                       = false                                  {pd product} {command line}
    uintx ProfiledCodeHeapSize                     = 0                                      {pd product} {ergonomic}
     bool ShowCodeDetailsInExceptionMessages       = true                                   {manageable} {command line}
   size_t SoftMaxHeapSize                          = 1992294400                             {manageable} {ergonomic}
     intx TieredStopAtLevel                        = 1                                         {product} {command line}
     bool UseCompressedClassPointers               = true                           {product lp64_product} {ergonomic}
     bool UseCompressedOops                        = true                           {product lp64_product} {ergonomic}
     bool UseG1GC                                  = true                                      {product} {ergonomic}
     bool UseLargePagesIndividualAllocation        = false                                  {pd product} {ergonomic}

Logging:
Log output configuration:
 #0: stdout all=warning uptime,level,tags
 #1: stderr all=off uptime,level,tags

Environment Variables:
JAVA_HOME=C:\Program Files\Amazon Corretto\jdk21.0.4_7
PATH=C:/Users/ASUS1/Downloads/sts-4.20.1.RELEASE//plugins/org.eclipse.justj.openjdk.hotspot.jre.full.win32.x86_64_17.0.8.v20230831-1047/jre/bin/server;C:/Users/ASUS1/Downloads/sts-4.20.1.RELEASE//plugins/org.eclipse.justj.openjdk.hotspot.jre.full.win32.x86_64_17.0.8.v20230831-1047/jre/bin;C:\Program Files\Amazon Corretto\jdk21.0.4_7\bin;C:\Program Files\Amazon Corretto\jdk17.0.10_7\bin;C:\Program Files (x86)\Common Files\Oracle\Java\java8path;C:\Program Files (x86)\Common Files\Oracle\Java\javapath;C:\Program Files\Amazon Corretto\jdk17.0.10_7\bin;C:\Program Files\Amazon Corretto\jdk17.0.5_8\bin;C:\Program Files\MongoDB\Server\6.0\bin;C:\Program Files (x86)\VMware\VMware Workstation\bin\;C:\Python311\Scripts\;C:\Python311\;C:\MinGW\bin;C:\Windows\system32;C:\Windows;C:\Windows\System32\Wbem;C:\Windows\System32\WindowsPowerShell\v1.0\;C:\Windows\System32\OpenSSH\;C:\Program Files\Go\bin;C:\Program Files\nodejs\;C:\ProgramData\chocolatey\bin;C:\Python311\Scripts;C:\Users\ASUS1\Downloads\mongosh-1.8.0-win32-x64.zip\mongosh-1.8.0-win32-x64\bin;C:\Program Files\Git\cmd;C:\Program Files\PuTTY\;C:\Program Files\Docker\Docker\resources\bin;C:\Program Files\MySQL\MySQL Server 8.0\bin;C:\Program Files\Vagrant\bin;D:\apache-maven-3.8.8-bin\apache-maven-3.8.8\bin;C:\Program Files\MySQL\MySQL Shell 8.0\bin\;C:\Users\ASUS1\anaconda3;C:\Users\ASUS1\anaconda3\Library\mingw-w64\bin;C:\Users\ASUS1\anaconda3\Library\usr\bin;C:\Users\ASUS1\anaconda3\Library\bin;C:\Users\ASUS1\anaconda3\Scripts;C:\Users\ASUS1\AppData\Local\Microsoft\WindowsApps;C:\Users\ASUS1\AppData\Local\Programs\Microsoft VS Code\bin;C:\Users\ASUS1\go\bin;C:\Users\ASUS1\AppData\Roaming\npm;C:\Users\ASUS1\AppData\Local\GitHubDesktop\bin;C:\Program Files\JetBrains\IntelliJ IDEA 2022.3.1\bin;;C:\Program Files\JetBrains\PyCharm 2022.3\bin;;C:\Users\ASUS1\AppData\Local\Programs\mongosh\;C:\Users\ASUS1\Downloads\sts-4.20.1.RELEASE;
USERNAME=ASUS1
OS=Windows_NT
PROCESSOR_IDENTIFIER=AMD64 Family 23 Model 96 Stepping 1, AuthenticAMD
TMP=C:\Users\ASUS1\AppData\Local\Temp
TEMP=C:\Users\ASUS1\AppData\Local\Temp



---------------  S Y S T E M  ---------------

OS:
 Windows 11 , 64 bit Build 22621 (10.0.22621.3958)
OS uptime: 25 days 21:17 hours
Hyper-V role detected

CPU: total 16 (initial active 16) (16 cores per cpu, 2 threads per core) family 23 model 96 stepping 1 microcode 0x0, cx8, cmov, fxsr, ht, mmx, 3dnowpref, sse, sse2, sse3, ssse3, sse4a, sse4.1, sse4.2, popcnt, lzcnt, tsc, tscinvbit, avx, avx2, aes, clmul, bmi1, bmi2, adx, sha, fma, vzeroupper, clflush, clflushopt, hv
Processor Information for all 16 processors :
  Max Mhz: 2901, Current Mhz: 2901, Mhz Limit: 2901

Memory: 4k page, system-wide physical 7598M (330M free)
TotalPageFile size 31150M (AvailPageFile size 32M)
current process WorkingSet (physical memory assigned to process): 11M, peak: 11M
current process commit charge ("private bytes"): 65M, peak: 185M

vm_info: OpenJDK 64-Bit Server VM (17.0.8.1+1) for windows-amd64 JRE (17.0.8.1+1), built on Aug 23 2023 15:29:17 by "admin" with MS VC++ 16.7 (VS2019)

END.
